#
# There is insufficient memory for the Java Runtime Environment to continue.
# Native memory allocation (malloc) failed to allocate 1048576 bytes. Error detail: AllocateHeap
# Possible reasons:
#   The system is out of physical RAM or swap space
#   This process is running with CompressedOops enabled, and the Java Heap may be blocking the growth of the native heap
# Possible solutions:
#   Reduce memory load on the system
#   Increase physical memory or swap space
#   Check if swap backing store is full
#   Decrease Java heap size (-Xmx/-Xms)
#   Decrease number of Java threads
#   Decrease Java thread stack sizes (-Xss)
#   Set larger code cache with -XX:ReservedCodeCacheSize=
#   JVM is running with Unscaled Compressed Oops mode in which the Java heap is
#     placed in the first 4GB address space. The Java Heap base address is the
#     maximum limit for the native heap growth. Please use -XX:HeapBaseMinAddress
#     to set the Java Heap base and to place the Java Heap above 4GB virtual address.
# This output file may be truncated or incomplete.
#
#  Out of Memory Error (allocation.cpp:44), pid=19280, tid=5668
#
# JRE version: OpenJDK Runtime Environment Temurin-21.0.10+7 (21.0.10+7) (build 21.0.10+7-LTS)
# Java VM: OpenJDK 64-Bit Server VM Temurin-21.0.10+7 (21.0.10+7-LTS, mixed mode, sharing, tiered, compressed oops, compressed class ptrs, parallel gc, windows-amd64)
# No core dump will be written. Minidumps are not enabled by default on client versions of Windows
#

---------------  S U M M A R Y ------------

Command Line: --add-modules=ALL-SYSTEM --add-opens=java.base/java.util=ALL-UNNAMED --add-opens=java.base/java.lang=ALL-UNNAMED --add-opens=java.base/sun.nio.fs=ALL-UNNAMED -Declipse.application=org.eclipse.jdt.ls.core.id1 -Dosgi.bundles.defaultStartLevel=4 -Declipse.product=org.eclipse.jdt.ls.core.product -Djava.import.generatesMetadataFilesAtProjectRoot=false -DDetectVMInstallationsJob.disabled=true -Dfile.encoding=utf8 -XX:+UseParallelGC -XX:GCTimeRatio=4 -XX:AdaptiveSizePolicyWeight=90 -Dsun.zip.disableMemoryMapping=true -Xmx2G -Xms100m -Xlog:disable -javaagent:c:\Users\Surface\.vscode\extensions\redhat.java-1.53.0-win32-x64\lombok\lombok-1.18.39-4050.jar -XX:+HeapDumpOnOutOfMemoryError -XX:HeapDumpPath=c:\Users\Surface\AppData\Roaming\Code\User\workspaceStorage\9edef86413a0b018a8fbd3717037ea74\redhat.java -Daether.dependencyCollector.impl=bf c:\Users\Surface\.vscode\extensions\redhat.java-1.53.0-win32-x64\server\plugins\org.eclipse.equinox.launcher_1.7.100.v20251111-0406.jar -configuration c:\Users\Surface\AppData\Roaming\Code\User\globalStorage\redhat.java\1.53.0\config_win -data c:\Users\Surface\AppData\Roaming\Code\User\workspaceStorage\9edef86413a0b018a8fbd3717037ea74\redhat.java\jdt_ws --pipe=\\.\pipe\lsp-3f8b518dfd9c42c98d0897676f8951b1-sock

Host: Intel(R) Core(TM) i7-8650U CPU @ 1.90GHz, 8 cores, 7G,  Windows 11 , 64 bit Build 26100 (10.0.26100.7920)
Time: Tue Mar 17 20:30:46 2026 SE Asia Standard Time elapsed time: 4194.333784 seconds (0d 1h 9m 54s)

---------------  T H R E A D  ---------------

Current thread (0x00000167e1cd0020):  JavaThread "Attach Listener" daemon [_thread_in_vm, id=5668, stack(0x0000001a37800000,0x0000001a37900000) (1024K)]

Stack: [0x0000001a37800000,0x0000001a37900000]
Native frames: (J=compiled Java code, j=interpreted, Vv=VM code, C=native code)
V  [jvm.dll+0x6d7a39]
V  [jvm.dll+0x8b4b26]
V  [jvm.dll+0x8b70de]
V  [jvm.dll+0x8b77c3]
V  [jvm.dll+0x284346]
V  [jvm.dll+0xc1277]
V  [jvm.dll+0x6d82e9]
V  [jvm.dll+0x1334a6]
V  [jvm.dll+0x3f857e]
V  [jvm.dll+0x85f59d]
V  [jvm.dll+0x6d626d]
C  [ucrtbase.dll+0x37b0]
C  [KERNEL32.DLL+0x2e8d7]
C  [ntdll.dll+0x8c48c]


---------------  P R O C E S S  ---------------

Threads class SMR info:
_java_thread_list=0x00000167cd1cb3e0, length=41, elements={
0x00000167df8ac330, 0x00000167e1cc3fd0, 0x00000167e1cc4f90, 0x00000167e1ccf3c0,
0x00000167e1cd0020, 0x00000167e1cd2b90, 0x00000167e1cd35f0, 0x00000167e1cd4430,
0x00000167fe048400, 0x00000167fe1dcd20, 0x00000167fe326100, 0x00000167fed70930,
0x00000167fee02f00, 0x00000167feb206d0, 0x00000167febf5970, 0x00000167fe978980,
0x00000167febd6320, 0x00000167ff03a7c0, 0x00000167ff037340, 0x00000167ff0386f0,
0x00000167c1ddb560, 0x00000167c1ddbbf0, 0x00000167c1dd9b20, 0x00000167c1dd9490,
0x00000167c1ddc280, 0x00000167c1ddc910, 0x00000167c1dda1b0, 0x00000167c1dda840,
0x00000167c1ddaed0, 0x00000167c1d3fc00, 0x00000167c1d3eee0, 0x00000167c1d40fb0,
0x00000167c36dcfd0, 0x00000167c36dd660, 0x00000167c36ddcf0, 0x00000167c36de380,
0x00000167c36df0a0, 0x00000167c36da1e0, 0x00000167c1d3f570, 0x00000167c1d43710,
0x00000167c1d43080
}

Java Threads: ( => current thread )
  0x00000167df8ac330 JavaThread "main"                              [_thread_blocked, id=11860, stack(0x0000001a37100000,0x0000001a37200000) (1024K)]
  0x00000167e1cc3fd0 JavaThread "Reference Handler"          daemon [_thread_blocked, id=1408, stack(0x0000001a37500000,0x0000001a37600000) (1024K)]
  0x00000167e1cc4f90 JavaThread "Finalizer"                  daemon [_thread_blocked, id=13972, stack(0x0000001a37600000,0x0000001a37700000) (1024K)]
  0x00000167e1ccf3c0 JavaThread "Signal Dispatcher"          daemon [_thread_blocked, id=17976, stack(0x0000001a37700000,0x0000001a37800000) (1024K)]
=>0x00000167e1cd0020 JavaThread "Attach Listener"            daemon [_thread_in_vm, id=5668, stack(0x0000001a37800000,0x0000001a37900000) (1024K)]
  0x00000167e1cd2b90 JavaThread "Service Thread"             daemon [_thread_blocked, id=16208, stack(0x0000001a37900000,0x0000001a37a00000) (1024K)]
  0x00000167e1cd35f0 JavaThread "Monitor Deflation Thread"   daemon [_thread_blocked, id=6948, stack(0x0000001a37a00000,0x0000001a37b00000) (1024K)]
  0x00000167e1cd4430 JavaThread "C2 CompilerThread0"         daemon [_thread_blocked, id=984, stack(0x0000001a37b00000,0x0000001a37c00000) (1024K)]
  0x00000167fe048400 JavaThread "C1 CompilerThread0"         daemon [_thread_blocked, id=18328, stack(0x0000001a37c00000,0x0000001a37d00000) (1024K)]
  0x00000167fe1dcd20 JavaThread "Common-Cleaner"             daemon [_thread_blocked, id=11928, stack(0x0000001a37d00000,0x0000001a37e00000) (1024K)]
  0x00000167fe326100 JavaThread "Notification Thread"        daemon [_thread_blocked, id=12300, stack(0x0000001a37f00000,0x0000001a38000000) (1024K)]
  0x00000167fed70930 JavaThread "Active Thread: Equinox Container: 2747003c-cef7-4f0f-8021-08f349060c44"        [_thread_blocked, id=7692, stack(0x0000001a37e00000,0x0000001a37f00000) (1024K)]
  0x00000167fee02f00 JavaThread "Refresh Thread: Equinox Container: 2747003c-cef7-4f0f-8021-08f349060c44" daemon [_thread_blocked, id=1432, stack(0x0000001a38800000,0x0000001a38900000) (1024K)]
  0x00000167feb206d0 JavaThread "Framework Event Dispatcher: Equinox Container: 2747003c-cef7-4f0f-8021-08f349060c44" daemon [_thread_blocked, id=15856, stack(0x0000001a38900000,0x0000001a38a00000) (1024K)]
  0x00000167febf5970 JavaThread "Start Level: Equinox Container: 2747003c-cef7-4f0f-8021-08f349060c44" daemon [_thread_blocked, id=8984, stack(0x0000001a38600000,0x0000001a38700000) (1024K)]
  0x00000167fe978980 JavaThread "Bundle File Closer"         daemon [_thread_blocked, id=10388, stack(0x0000001a38c00000,0x0000001a38d00000) (1024K)]
  0x00000167febd6320 JavaThread "SCR Component Actor"        daemon [_thread_blocked, id=6044, stack(0x0000001a38b00000,0x0000001a38c00000) (1024K)]
  0x00000167ff03a7c0 JavaThread "Worker-JM"                         [_thread_blocked, id=14508, stack(0x0000001a38d00000,0x0000001a38e00000) (1024K)]
  0x00000167ff037340 JavaThread "JNA Cleaner"                daemon [_thread_blocked, id=2580, stack(0x0000001a38e00000,0x0000001a38f00000) (1024K)]
  0x00000167ff0386f0 JavaThread "Java indexing"              daemon [_thread_blocked, id=9396, stack(0x0000001a39200000,0x0000001a39300000) (1024K)]
  0x00000167c1ddb560 JavaThread "Thread-1"                   daemon [_thread_in_native, id=1556, stack(0x0000001a39800000,0x0000001a39900000) (1024K)]
  0x00000167c1ddbbf0 JavaThread "Thread-2"                   daemon [_thread_in_native, id=6324, stack(0x0000001a39900000,0x0000001a39a00000) (1024K)]
  0x00000167c1dd9b20 JavaThread "Thread-3"                   daemon [_thread_in_native, id=7764, stack(0x0000001a39a00000,0x0000001a39b00000) (1024K)]
  0x00000167c1dd9490 JavaThread "Thread-4"                   daemon [_thread_in_native, id=1816, stack(0x0000001a39b00000,0x0000001a39c00000) (1024K)]
  0x00000167c1ddc280 JavaThread "Thread-5"                   daemon [_thread_in_native, id=14412, stack(0x0000001a39c00000,0x0000001a39d00000) (1024K)]
  0x00000167c1ddc910 JavaThread "Thread-6"                   daemon [_thread_in_native, id=9728, stack(0x0000001a39d00000,0x0000001a39e00000) (1024K)]
  0x00000167c1dda1b0 JavaThread "Thread-7"                   daemon [_thread_in_native, id=12080, stack(0x0000001a39e00000,0x0000001a39f00000) (1024K)]
  0x00000167c1dda840 JavaThread "Thread-8"                   daemon [_thread_in_native, id=2476, stack(0x0000001a39f00000,0x0000001a3a000000) (1024K)]
  0x00000167c1ddaed0 JavaThread "Thread-9"                   daemon [_thread_in_native, id=10776, stack(0x0000001a3a000000,0x0000001a3a100000) (1024K)]
  0x00000167c1d3fc00 JavaThread "pool-2-thread-1"                   [_thread_blocked, id=14596, stack(0x0000001a3a100000,0x0000001a3a200000) (1024K)]
  0x00000167c1d3eee0 JavaThread "WorkspaceEventsHandler"            [_thread_blocked, id=7532, stack(0x0000001a3a200000,0x0000001a3a300000) (1024K)]
  0x00000167c1d40fb0 JavaThread "pool-1-thread-1"                   [_thread_blocked, id=9916, stack(0x0000001a3a300000,0x0000001a3a400000) (1024K)]
  0x00000167c36dcfd0 JavaThread "Worker-7"                          [_thread_blocked, id=3492, stack(0x0000001a36f00000,0x0000001a37000000) (1024K)]
  0x00000167c36dd660 JavaThread "Java Debug Server"          daemon [_thread_in_native, id=8760, stack(0x0000001a38a00000,0x0000001a38b00000) (1024K)]
  0x00000167c36ddcf0 JavaThread "RxSchedulerPurge-1"         daemon [_thread_blocked, id=18204, stack(0x0000001a39300000,0x0000001a39400000) (1024K)]
  0x00000167c36de380 JavaThread "RxCachedWorkerPoolEvictor-1" daemon [_thread_blocked, id=17284, stack(0x0000001a39400000,0x0000001a39500000) (1024K)]
  0x00000167c36df0a0 JavaThread "process reaper (pid 18232)" daemon [_thread_in_native, id=11816, stack(0x0000001a36b40000,0x0000001a36b60000) (128K)]
  0x00000167c36da1e0 JavaThread "Worker-8"                          [_thread_blocked, id=7384, stack(0x0000001a38f00000,0x0000001a39000000) (1024K)]
  0x00000167c1d3f570 JavaThread "Cleaner-0"                  daemon [_thread_blocked, id=7016, stack(0x0000001a39600000,0x0000001a39700000) (1024K)]
  0x00000167c1d43710 JavaThread "pool-5-thread-2"                   [_thread_in_native, id=3808, stack(0x0000001a3ad00000,0x0000001a3ae00000) (1024K)]
  0x00000167c1d43080 JavaThread "RxNewThreadScheduler-3"     daemon [_thread_blocked, id=9868, stack(0x0000001a3ae00000,0x0000001a3af00000) (1024K)]
Total: 41

Other Threads:
  0x00000167e1df2840 VMThread "VM Thread"                           [id=14904, stack(0x0000001a37400000,0x0000001a37500000) (1024K)]
  0x00000167e1dc5dc0 WatcherThread "VM Periodic Task Thread"        [id=12204, stack(0x0000001a37300000,0x0000001a37400000) (1024K)]
  0x00000167e1d75260 WorkerThread "GC Thread#0"                     [id=13224, stack(0x0000001a37200000,0x0000001a37300000) (1024K)]
  0x00000167febf9230 WorkerThread "GC Thread#1"                     [id=12916, stack(0x0000001a38000000,0x0000001a38100000) (1024K)]
  0x00000167feb53c10 WorkerThread "GC Thread#2"                     [id=6848, stack(0x0000001a38100000,0x0000001a38200000) (1024K)]
  0x00000167feb53fc0 WorkerThread "GC Thread#3"                     [id=10096, stack(0x0000001a38200000,0x0000001a38300000) (1024K)]
  0x00000167feb54370 WorkerThread "GC Thread#4"                     [id=15412, stack(0x0000001a38300000,0x0000001a38400000) (1024K)]
  0x00000167feb54720 WorkerThread "GC Thread#5"                     [id=5096, stack(0x0000001a38400000,0x0000001a38500000) (1024K)]
  0x00000167febfdd30 WorkerThread "GC Thread#6"                     [id=2064, stack(0x0000001a38500000,0x0000001a38600000) (1024K)]
  0x00000167fee6d590 WorkerThread "GC Thread#7"                     [id=17620, stack(0x0000001a38700000,0x0000001a38800000) (1024K)]
Total: 10

Threads with active compile tasks:
Total: 0

VM state: not at safepoint (normal execution)

VM Mutex/Monitor currently owned by a thread: None

Heap address: 0x0000000080000000, size: 2048 MB, Compressed Oops mode: 32-bit

CDS archive(s) mapped at: [0x0000016780000000-0x0000016780ba0000-0x0000016780ba0000), size 12189696, SharedBaseAddress: 0x0000016780000000, ArchiveRelocationMode: 1.
Compressed class space mapped at: 0x0000016781000000-0x00000167c1000000, reserved size: 1073741824
Narrow klass base: 0x0000016780000000, Narrow klass shift: 0, Narrow klass range: 0x100000000

GC Precious Log:
 CardTable entry size: 512
 CPUs: 8 total, 8 available
 Memory: 8108M
 Large Page Support: Disabled
 NUMA Support: Disabled
 Compressed Oops: Enabled (32-bit)
 Alignments: Space 512K, Generation 512K, Heap 2M
 Heap Min Capacity: 100M
 Heap Initial Capacity: 100M
 Heap Max Capacity: 2G
 Pre-touch: Disabled
 Parallel Workers: 8

Heap:
 PSYoungGen      total 3584K, used 752K [0x00000000d5580000, 0x00000000d5b00000, 0x0000000100000000)
  eden space 3072K, 14% used [0x00000000d5580000,0x00000000d55ec1b8,0x00000000d5880000)
  from space 512K, 62% used [0x00000000d5880000,0x00000000d58d0020,0x00000000d5900000)
  to   space 512K, 0% used [0x00000000d5a80000,0x00000000d5a80000,0x00000000d5b00000)
 ParOldGen       total 284672K, used 284602K [0x0000000080000000, 0x0000000091600000, 0x00000000d5580000)
  object space 284672K, 99% used [0x0000000080000000,0x00000000915ee988,0x0000000091600000)
 Metaspace       used 74696K, committed 76352K, reserved 1179648K
  class space    used 7970K, committed 8640K, reserved 1048576K

Card table byte_map: [0x00000167e16f0000,0x00000167e1b00000] _byte_map_base: 0x00000167e12f0000

Marking Bits: (ParMarkBitMap*) 0x00007ffa31613450
 Begin Bits: [0x00000167f4200000, 0x00000167f6200000)
 End Bits:   [0x00000167f6200000, 0x00000167f8200000)

Polling page: 0x00000167dfb00000

Metaspace:

Usage:
  Non-class:     65.16 MB used.
      Class:      7.78 MB used.
       Both:     72.95 MB used.

Virtual space:
  Non-class space:      128.00 MB reserved,      66.12 MB ( 52%) committed,  2 nodes.
      Class space:        1.00 GB reserved,       8.44 MB ( <1%) committed,  1 nodes.
             Both:        1.12 GB reserved,      74.56 MB (  6%) committed. 

Chunk freelists:
   Non-Class:  13.78 MB
       Class:  7.58 MB
        Both:  21.36 MB

MaxMetaspaceSize: unlimited
CompressedClassSpaceSize: 1.00 GB
Initial GC threshold: 21.00 MB
Current GC threshold: 97.62 MB
CDS: on
 - commit_granule_bytes: 65536.
 - commit_granule_words: 8192.
 - virtual_space_node_default_size: 8388608.
 - enlarge_chunks_in_place: 1.
 - use_allocation_guard: 0.


Internal statistics:

num_allocs_failed_limit: 13.
num_arena_births: 1496.
num_arena_deaths: 16.
num_vsnodes_births: 3.
num_vsnodes_deaths: 0.
num_space_committed: 1192.
num_space_uncommitted: 0.
num_chunks_returned_to_freelist: 30.
num_chunks_taken_from_freelist: 5247.
num_chunk_merges: 13.
num_chunk_splits: 3116.
num_chunks_enlarged: 1627.
num_inconsistent_stats: 0.

CodeHeap 'non-profiled nmethods': size=120000Kb used=11366Kb max_used=11366Kb free=108633Kb
 bounds [0x00000167eca20000, 0x00000167ed540000, 0x00000167f3f50000]
CodeHeap 'profiled nmethods': size=120000Kb used=30768Kb max_used=30768Kb free=89231Kb
 bounds [0x00000167e4f50000, 0x00000167e6d60000, 0x00000167ec480000]
CodeHeap 'non-nmethods': size=5760Kb used=1481Kb max_used=1596Kb free=4278Kb
 bounds [0x00000167ec480000, 0x00000167ec6f0000, 0x00000167eca20000]
CodeCache: size=245760Kb, used=43615Kb, max_used=43730Kb, free=202142Kb
 total_blobs=14043, nmethods=13236, adapters=712, full_count=0
Compilation: enabled, stopped_count=0, restarted_count=0

Compilation events (20 events):
Event: 3428.915 Thread 0x00000167e1cd4430 14023       4       jdk.internal.misc.Unsafe::checkNativeAddress (28 bytes)
Event: 3428.916 Thread 0x00000167e1cd4430 nmethod 14023 0x00000167ed535f10 code [0x00000167ed5360a0, 0x00000167ed536128]
Event: 3429.308 Thread 0x00000167fe048400 14024       1       org.eclipse.jdt.internal.core.PackageDeclaration::getElementType (3 bytes)
Event: 3429.308 Thread 0x00000167fe048400 nmethod 14024 0x00000167ed536210 code [0x00000167ed5363a0, 0x00000167ed536468]
Event: 3514.559 Thread 0x00000167fe048400 14025       1       org.eclipse.osgi.internal.location.BasicLocation::isReadOnly (5 bytes)
Event: 3514.564 Thread 0x00000167fe048400 nmethod 14025 0x00000167ed536510 code [0x00000167ed5366a0, 0x00000167ed536770]
Event: 3530.219 Thread 0x00000167e1cd4430 14026       4       java.util.concurrent.locks.AbstractQueuedSynchronizer$Node::clearStatus (12 bytes)
Event: 3530.291 Thread 0x00000167e1cd4430 nmethod 14026 0x00000167ed536810 code [0x00000167ed5369a0, 0x00000167ed536a30]
Event: 3916.086 Thread 0x00000167fe048400 14028       3       java.lang.ProcessHandleImpl::get (51 bytes)
Event: 3916.107 Thread 0x00000167fe048400 nmethod 14028 0x00000167e6d58f10 code [0x00000167e6d59120, 0x00000167e6d59728]
Event: 3916.107 Thread 0x00000167fe048400 14029       3       java.lang.ProcessHandleImpl::isAlive (44 bytes)
Event: 3916.108 Thread 0x00000167fe048400 nmethod 14029 0x00000167e6d59990 code [0x00000167e6d59b40, 0x00000167e6d59da0]
Event: 3929.229 Thread 0x00000167e1cd4430 14030       4       io.reactivex.internal.schedulers.SchedulerPoolFactory$ScheduledTask::run (66 bytes)
Event: 3929.592 Thread 0x00000167e1cd4430 nmethod 14030 0x00000167ed536b10 code [0x00000167ed536e40, 0x00000167ed537fd0]
Event: 4088.120 Thread 0x00000167fe048400 14031   !   3       java.lang.ref.ReferenceQueue::remove (61 bytes)
Event: 4088.139 Thread 0x00000167fe048400 nmethod 14031 0x00000167e6d59e90 code [0x00000167e6d5a120, 0x00000167e6d5aca8]
Event: 4088.140 Thread 0x00000167fe048400 14032       3       java.lang.ref.ReferenceQueue::remove0 (64 bytes)
Event: 4088.144 Thread 0x00000167fe048400 nmethod 14032 0x00000167e6d5b090 code [0x00000167e6d5b2a0, 0x00000167e6d5b720]
Event: 4147.478 Thread 0x00000167fe048400 14033  s!   3       org.eclipse.core.internal.jobs.WorkerPool::sleep (124 bytes)
Event: 4147.512 Thread 0x00000167fe048400 nmethod 14033 0x00000167e6d5b890 code [0x00000167e6d5baa0, 0x00000167e6d5bfb8]

GC Heap History (20 events):
Event: 2543.987 GC heap before
{Heap before GC invocations=377 (full 3):
 PSYoungGen      total 5632K, used 4903K [0x00000000d5580000, 0x00000000d5c00000, 0x0000000100000000)
  eden space 4608K, 99% used [0x00000000d5580000,0x00000000d59f9ce8,0x00000000d5a00000)
  from space 1024K, 31% used [0x00000000d5a00000,0x00000000d5a50000,0x00000000d5b00000)
  to   space 1024K, 0% used [0x00000000d5b00000,0x00000000d5b00000,0x00000000d5c00000)
 ParOldGen       total 282624K, used 282208K [0x0000000080000000, 0x0000000091400000, 0x00000000d5580000)
  object space 282624K, 99% used [0x0000000080000000,0x00000000913983e8,0x0000000091400000)
 Metaspace       used 74401K, committed 75968K, reserved 1179648K
  class space    used 7952K, committed 8640K, reserved 1048576K
}
Event: 2543.989 GC heap after
{Heap after GC invocations=377 (full 3):
 PSYoungGen      total 5632K, used 711K [0x00000000d5580000, 0x00000000d5c00000, 0x0000000100000000)
  eden space 4608K, 0% used [0x00000000d5580000,0x00000000d5580000,0x00000000d5a00000)
  from space 1024K, 69% used [0x00000000d5b00000,0x00000000d5bb1e10,0x00000000d5c00000)
  to   space 1024K, 0% used [0x00000000d5a00000,0x00000000d5a00000,0x00000000d5b00000)
 ParOldGen       total 282624K, used 282320K [0x0000000080000000, 0x0000000091400000, 0x00000000d5580000)
  object space 282624K, 99% used [0x0000000080000000,0x00000000913b43e8,0x0000000091400000)
 Metaspace       used 74401K, committed 75968K, reserved 1179648K
  class space    used 7952K, committed 8640K, reserved 1048576K
}
Event: 2544.117 GC heap before
{Heap before GC invocations=378 (full 3):
 PSYoungGen      total 5632K, used 5319K [0x00000000d5580000, 0x00000000d5c00000, 0x0000000100000000)
  eden space 4608K, 100% used [0x00000000d5580000,0x00000000d5a00000,0x00000000d5a00000)
  from space 1024K, 69% used [0x00000000d5b00000,0x00000000d5bb1e10,0x00000000d5c00000)
  to   space 1024K, 0% used [0x00000000d5a00000,0x00000000d5a00000,0x00000000d5b00000)
 ParOldGen       total 282624K, used 282320K [0x0000000080000000, 0x0000000091400000, 0x00000000d5580000)
  object space 282624K, 99% used [0x0000000080000000,0x00000000913b43e8,0x0000000091400000)
 Metaspace       used 74620K, committed 76224K, reserved 1179648K
  class space    used 7968K, committed 8640K, reserved 1048576K
}
Event: 2544.120 GC heap after
{Heap after GC invocations=378 (full 3):
 PSYoungGen      total 5632K, used 288K [0x00000000d5580000, 0x00000000d5b80000, 0x0000000100000000)
  eden space 4608K, 0% used [0x00000000d5580000,0x00000000d5580000,0x00000000d5a00000)
  from space 1024K, 28% used [0x00000000d5a00000,0x00000000d5a48000,0x00000000d5b00000)
  to   space 512K, 0% used [0x00000000d5b00000,0x00000000d5b00000,0x00000000d5b80000)
 ParOldGen       total 282624K, used 282448K [0x0000000080000000, 0x0000000091400000, 0x00000000d5580000)
  object space 282624K, 99% used [0x0000000080000000,0x00000000913d43e8,0x0000000091400000)
 Metaspace       used 74620K, committed 76224K, reserved 1179648K
  class space    used 7968K, committed 8640K, reserved 1048576K
}
Event: 2544.231 GC heap before
{Heap before GC invocations=379 (full 3):
 PSYoungGen      total 5632K, used 4543K [0x00000000d5580000, 0x00000000d5b80000, 0x0000000100000000)
  eden space 4608K, 92% used [0x00000000d5580000,0x00000000d59a7e18,0x00000000d5a00000)
  from space 1024K, 28% used [0x00000000d5a00000,0x00000000d5a48000,0x00000000d5b00000)
  to   space 512K, 0% used [0x00000000d5b00000,0x00000000d5b00000,0x00000000d5b80000)
 ParOldGen       total 282624K, used 282448K [0x0000000080000000, 0x0000000091400000, 0x00000000d5580000)
  object space 282624K, 99% used [0x0000000080000000,0x00000000913d43e8,0x0000000091400000)
 Metaspace       used 74628K, committed 76224K, reserved 1179648K
  class space    used 7969K, committed 8640K, reserved 1048576K
}
Event: 2544.234 GC heap after
{Heap after GC invocations=379 (full 3):
 PSYoungGen      total 5120K, used 384K [0x00000000d5580000, 0x00000000d5b80000, 0x0000000100000000)
  eden space 4608K, 0% used [0x00000000d5580000,0x00000000d5580000,0x00000000d5a00000)
  from space 512K, 75% used [0x00000000d5b00000,0x00000000d5b60000,0x00000000d5b80000)
  to   space 512K, 0% used [0x00000000d5a80000,0x00000000d5a80000,0x00000000d5b00000)
 ParOldGen       total 282624K, used 282576K [0x0000000080000000, 0x0000000091400000, 0x00000000d5580000)
  object space 282624K, 99% used [0x0000000080000000,0x00000000913f43e8,0x0000000091400000)
 Metaspace       used 74628K, committed 76224K, reserved 1179648K
  class space    used 7969K, committed 8640K, reserved 1048576K
}
Event: 2544.276 GC heap before
{Heap before GC invocations=380 (full 3):
 PSYoungGen      total 5120K, used 4992K [0x00000000d5580000, 0x00000000d5b80000, 0x0000000100000000)
  eden space 4608K, 100% used [0x00000000d5580000,0x00000000d5a00000,0x00000000d5a00000)
  from space 512K, 75% used [0x00000000d5b00000,0x00000000d5b60000,0x00000000d5b80000)
  to   space 512K, 0% used [0x00000000d5a80000,0x00000000d5a80000,0x00000000d5b00000)
 ParOldGen       total 282624K, used 282576K [0x0000000080000000, 0x0000000091400000, 0x00000000d5580000)
  object space 282624K, 99% used [0x0000000080000000,0x00000000913f43e8,0x0000000091400000)
 Metaspace       used 74628K, committed 76224K, reserved 1179648K
  class space    used 7969K, committed 8640K, reserved 1048576K
}
Event: 2544.278 GC heap after
{Heap after GC invocations=380 (full 3):
 PSYoungGen      total 5120K, used 192K [0x00000000d5580000, 0x00000000d5b80000, 0x0000000100000000)
  eden space 4608K, 0% used [0x00000000d5580000,0x00000000d5580000,0x00000000d5a00000)
  from space 512K, 37% used [0x00000000d5a80000,0x00000000d5ab0000,0x00000000d5b00000)
  to   space 512K, 0% used [0x00000000d5b00000,0x00000000d5b00000,0x00000000d5b80000)
 ParOldGen       total 283136K, used 282872K [0x0000000080000000, 0x0000000091480000, 0x00000000d5580000)
  object space 283136K, 99% used [0x0000000080000000,0x000000009143e3f8,0x0000000091480000)
 Metaspace       used 74628K, committed 76224K, reserved 1179648K
  class space    used 7969K, committed 8640K, reserved 1048576K
}
Event: 2544.319 GC heap before
{Heap before GC invocations=381 (full 3):
 PSYoungGen      total 5120K, used 4800K [0x00000000d5580000, 0x00000000d5b80000, 0x0000000100000000)
  eden space 4608K, 100% used [0x00000000d5580000,0x00000000d5a00000,0x00000000d5a00000)
  from space 512K, 37% used [0x00000000d5a80000,0x00000000d5ab0000,0x00000000d5b00000)
  to   space 512K, 0% used [0x00000000d5b00000,0x00000000d5b00000,0x00000000d5b80000)
 ParOldGen       total 283136K, used 282872K [0x0000000080000000, 0x0000000091480000, 0x00000000d5580000)
  object space 283136K, 99% used [0x0000000080000000,0x000000009143e3f8,0x0000000091480000)
 Metaspace       used 74628K, committed 76224K, reserved 1179648K
  class space    used 7969K, committed 8640K, reserved 1048576K
}
Event: 2544.322 GC heap after
{Heap after GC invocations=381 (full 3):
 PSYoungGen      total 3584K, used 507K [0x00000000d5580000, 0x00000000d5f00000, 0x0000000100000000)
  eden space 3072K, 0% used [0x00000000d5580000,0x00000000d5580000,0x00000000d5880000)
  from space 512K, 99% used [0x00000000d5b00000,0x00000000d5b7ee48,0x00000000d5b80000)
  to   space 2560K, 0% used [0x00000000d5880000,0x00000000d5880000,0x00000000d5b00000)
 ParOldGen       total 284672K, used 284274K [0x0000000080000000, 0x0000000091600000, 0x00000000d5580000)
  object space 284672K, 99% used [0x0000000080000000,0x000000009159c928,0x0000000091600000)
 Metaspace       used 74628K, committed 76224K, reserved 1179648K
  class space    used 7969K, committed 8640K, reserved 1048576K
}
Event: 2544.344 GC heap before
{Heap before GC invocations=382 (full 3):
 PSYoungGen      total 3584K, used 3579K [0x00000000d5580000, 0x00000000d5f00000, 0x0000000100000000)
  eden space 3072K, 100% used [0x00000000d5580000,0x00000000d5880000,0x00000000d5880000)
  from space 512K, 99% used [0x00000000d5b00000,0x00000000d5b7ee48,0x00000000d5b80000)
  to   space 2560K, 0% used [0x00000000d5880000,0x00000000d5880000,0x00000000d5b00000)
 ParOldGen       total 284672K, used 284274K [0x0000000080000000, 0x0000000091600000, 0x00000000d5580000)
  object space 284672K, 99% used [0x0000000080000000,0x000000009159c928,0x0000000091600000)
 Metaspace       used 74628K, committed 76224K, reserved 1179648K
  class space    used 7969K, committed 8640K, reserved 1048576K
}
Event: 2544.347 GC heap after
{Heap after GC invocations=382 (full 3):
 PSYoungGen      total 3584K, used 128K [0x00000000d5580000, 0x00000000d5b80000, 0x0000000100000000)
  eden space 3072K, 0% used [0x00000000d5580000,0x00000000d5580000,0x00000000d5880000)
  from space 512K, 25% used [0x00000000d5880000,0x00000000d58a0000,0x00000000d5900000)
  to   space 1024K, 0% used [0x00000000d5a80000,0x00000000d5a80000,0x00000000d5b80000)
 ParOldGen       total 284672K, used 284306K [0x0000000080000000, 0x0000000091600000, 0x00000000d5580000)
  object space 284672K, 99% used [0x0000000080000000,0x00000000915a4928,0x0000000091600000)
 Metaspace       used 74628K, committed 76224K, reserved 1179648K
  class space    used 7969K, committed 8640K, reserved 1048576K
}
Event: 2544.388 GC heap before
{Heap before GC invocations=383 (full 3):
 PSYoungGen      total 3584K, used 3198K [0x00000000d5580000, 0x00000000d5b80000, 0x0000000100000000)
  eden space 3072K, 99% used [0x00000000d5580000,0x00000000d587fab8,0x00000000d5880000)
  from space 512K, 25% used [0x00000000d5880000,0x00000000d58a0000,0x00000000d5900000)
  to   space 1024K, 0% used [0x00000000d5a80000,0x00000000d5a80000,0x00000000d5b80000)
 ParOldGen       total 284672K, used 284306K [0x0000000080000000, 0x0000000091600000, 0x00000000d5580000)
  object space 284672K, 99% used [0x0000000080000000,0x00000000915a4928,0x0000000091600000)
 Metaspace       used 74628K, committed 76224K, reserved 1179648K
  class space    used 7969K, committed 8640K, reserved 1048576K
}
Event: 2544.390 GC heap after
{Heap after GC invocations=383 (full 3):
 PSYoungGen      total 3584K, used 164K [0x00000000d5580000, 0x00000000d5b00000, 0x0000000100000000)
  eden space 3072K, 0% used [0x00000000d5580000,0x00000000d5580000,0x00000000d5880000)
  from space 512K, 32% used [0x00000000d5a80000,0x00000000d5aa9148,0x00000000d5b00000)
  to   space 512K, 0% used [0x00000000d5880000,0x00000000d5880000,0x00000000d5900000)
 ParOldGen       total 284672K, used 284322K [0x0000000080000000, 0x0000000091600000, 0x00000000d5580000)
  object space 284672K, 99% used [0x0000000080000000,0x00000000915a8928,0x0000000091600000)
 Metaspace       used 74628K, committed 76224K, reserved 1179648K
  class space    used 7969K, committed 8640K, reserved 1048576K
}
Event: 2544.973 GC heap before
{Heap before GC invocations=384 (full 3):
 PSYoungGen      total 3584K, used 3236K [0x00000000d5580000, 0x00000000d5b00000, 0x0000000100000000)
  eden space 3072K, 100% used [0x00000000d5580000,0x00000000d5880000,0x00000000d5880000)
  from space 512K, 32% used [0x00000000d5a80000,0x00000000d5aa9148,0x00000000d5b00000)
  to   space 512K, 0% used [0x00000000d5880000,0x00000000d5880000,0x00000000d5900000)
 ParOldGen       total 284672K, used 284322K [0x0000000080000000, 0x0000000091600000, 0x00000000d5580000)
  object space 284672K, 99% used [0x0000000080000000,0x00000000915a8928,0x0000000091600000)
 Metaspace       used 74628K, committed 76224K, reserved 1179648K
  class space    used 7969K, committed 8640K, reserved 1048576K
}
Event: 2544.975 GC heap after
{Heap after GC invocations=384 (full 3):
 PSYoungGen      total 3584K, used 192K [0x00000000d5580000, 0x00000000d5b00000, 0x0000000100000000)
  eden space 3072K, 0% used [0x00000000d5580000,0x00000000d5580000,0x00000000d5880000)
  from space 512K, 37% used [0x00000000d5880000,0x00000000d58b0000,0x00000000d5900000)
  to   space 512K, 0% used [0x00000000d5a80000,0x00000000d5a80000,0x00000000d5b00000)
 ParOldGen       total 284672K, used 284354K [0x0000000080000000, 0x0000000091600000, 0x00000000d5580000)
  object space 284672K, 99% used [0x0000000080000000,0x00000000915b0928,0x0000000091600000)
 Metaspace       used 74628K, committed 76224K, reserved 1179648K
  class space    used 7969K, committed 8640K, reserved 1048576K
}
Event: 2560.699 GC heap before
{Heap before GC invocations=385 (full 3):
 PSYoungGen      total 3584K, used 3264K [0x00000000d5580000, 0x00000000d5b00000, 0x0000000100000000)
  eden space 3072K, 100% used [0x00000000d5580000,0x00000000d5880000,0x00000000d5880000)
  from space 512K, 37% used [0x00000000d5880000,0x00000000d58b0000,0x00000000d5900000)
  to   space 512K, 0% used [0x00000000d5a80000,0x00000000d5a80000,0x00000000d5b00000)
 ParOldGen       total 284672K, used 284354K [0x0000000080000000, 0x0000000091600000, 0x00000000d5580000)
  object space 284672K, 99% used [0x0000000080000000,0x00000000915b0928,0x0000000091600000)
 Metaspace       used 74639K, committed 76224K, reserved 1179648K
  class space    used 7969K, committed 8640K, reserved 1048576K
}
Event: 2560.703 GC heap after
{Heap after GC invocations=385 (full 3):
 PSYoungGen      total 3584K, used 384K [0x00000000d5580000, 0x00000000d5b00000, 0x0000000100000000)
  eden space 3072K, 0% used [0x00000000d5580000,0x00000000d5580000,0x00000000d5880000)
  from space 512K, 75% used [0x00000000d5a80000,0x00000000d5ae0040,0x00000000d5b00000)
  to   space 512K, 0% used [0x00000000d5880000,0x00000000d5880000,0x00000000d5900000)
 ParOldGen       total 284672K, used 284378K [0x0000000080000000, 0x0000000091600000, 0x00000000d5580000)
  object space 284672K, 99% used [0x0000000080000000,0x00000000915b6928,0x0000000091600000)
 Metaspace       used 74639K, committed 76224K, reserved 1179648K
  class space    used 7969K, committed 8640K, reserved 1048576K
}
Event: 3429.310 GC heap before
{Heap before GC invocations=386 (full 3):
 PSYoungGen      total 3584K, used 3456K [0x00000000d5580000, 0x00000000d5b00000, 0x0000000100000000)
  eden space 3072K, 100% used [0x00000000d5580000,0x00000000d5880000,0x00000000d5880000)
  from space 512K, 75% used [0x00000000d5a80000,0x00000000d5ae0040,0x00000000d5b00000)
  to   space 512K, 0% used [0x00000000d5880000,0x00000000d5880000,0x00000000d5900000)
 ParOldGen       total 284672K, used 284378K [0x0000000080000000, 0x0000000091600000, 0x00000000d5580000)
  object space 284672K, 99% used [0x0000000080000000,0x00000000915b6928,0x0000000091600000)
 Metaspace       used 74694K, committed 76352K, reserved 1179648K
  class space    used 7970K, committed 8640K, reserved 1048576K
}
Event: 3429.449 GC heap after
{Heap after GC invocations=386 (full 3):
 PSYoungGen      total 3584K, used 320K [0x00000000d5580000, 0x00000000d5b00000, 0x0000000100000000)
  eden space 3072K, 0% used [0x00000000d5580000,0x00000000d5580000,0x00000000d5880000)
  from space 512K, 62% used [0x00000000d5880000,0x00000000d58d0020,0x00000000d5900000)
  to   space 512K, 0% used [0x00000000d5a80000,0x00000000d5a80000,0x00000000d5b00000)
 ParOldGen       total 284672K, used 284602K [0x0000000080000000, 0x0000000091600000, 0x00000000d5580000)
  object space 284672K, 99% used [0x0000000080000000,0x00000000915ee988,0x0000000091600000)
 Metaspace       used 74694K, committed 76352K, reserved 1179648K
  class space    used 7970K, committed 8640K, reserved 1048576K
}

Dll operation events (12 events):
Event: 0.025 Loaded shared library c:\Users\Surface\.vscode\extensions\redhat.java-1.53.0-win32-x64\jre\21.0.10-win32-x86_64\bin\java.dll
Event: 0.189 Loaded shared library c:\Users\Surface\.vscode\extensions\redhat.java-1.53.0-win32-x64\jre\21.0.10-win32-x86_64\bin\zip.dll
Event: 0.252 Loaded shared library C:\Users\Surface\.vscode\extensions\redhat.java-1.53.0-win32-x64\jre\21.0.10-win32-x86_64\bin\instrument.dll
Event: 0.262 Loaded shared library C:\Users\Surface\.vscode\extensions\redhat.java-1.53.0-win32-x64\jre\21.0.10-win32-x86_64\bin\net.dll
Event: 0.266 Loaded shared library C:\Users\Surface\.vscode\extensions\redhat.java-1.53.0-win32-x64\jre\21.0.10-win32-x86_64\bin\nio.dll
Event: 0.271 Loaded shared library C:\Users\Surface\.vscode\extensions\redhat.java-1.53.0-win32-x64\jre\21.0.10-win32-x86_64\bin\zip.dll
Event: 0.315 Loaded shared library C:\Users\Surface\.vscode\extensions\redhat.java-1.53.0-win32-x64\jre\21.0.10-win32-x86_64\bin\jimage.dll
Event: 0.486 Loaded shared library c:\Users\Surface\.vscode\extensions\redhat.java-1.53.0-win32-x64\jre\21.0.10-win32-x86_64\bin\verify.dll
Event: 3.384 Loaded shared library C:\Users\Surface\AppData\Roaming\Code\User\globalStorage\redhat.java\1.53.0\config_win\org.eclipse.equinox.launcher\org.eclipse.equinox.launcher.win32.win32.x86_64_1.3.0.v20260203-2149\eclipse_11919.dll
Event: 6.609 Loaded shared library C:\Users\Surface\AppData\Local\Temp\jna--188578675\jna1626407490510885697.dll
Event: 253.983 Loaded shared library C:\Users\Surface\.vscode\extensions\redhat.java-1.53.0-win32-x64\jre\21.0.10-win32-x86_64\bin\extnet.dll
Event: 2541.503 Loaded shared library C:\Users\Surface\.vscode\extensions\redhat.java-1.53.0-win32-x64\jre\21.0.10-win32-x86_64\bin\sunmscapi.dll

Deoptimization events (20 events):
Event: 2545.397 Thread 0x00000167c1d43080 DEOPT PACKING pc=0x00000167ecba16a4 sp=0x0000001a3aefe870
Event: 2545.397 Thread 0x00000167c1d43080 DEOPT UNPACKING pc=0x00000167ec4d3aa2 sp=0x0000001a3aefe808 mode 2
Event: 2545.406 Thread 0x00000167c1d43080 DEOPT PACKING pc=0x00000167e670867e sp=0x0000001a3aefe090
Event: 2545.406 Thread 0x00000167c1d43080 DEOPT UNPACKING pc=0x00000167ec4d4242 sp=0x0000001a3aefd528 mode 0
Event: 2560.725 Thread 0x00000167c1d3e1c0 Uncommon trap: trap_request=0xffffffde fr.pc=0x00000167eccc8218 relative=0x0000000000000078
Event: 2560.725 Thread 0x00000167c1d3e1c0 Uncommon trap: reason=class_check action=maybe_recompile pc=0x00000167eccc8218 method=java.util.LinkedHashMap.afterNodeInsertion(Z)V @ 15 c2
Event: 2560.725 Thread 0x00000167c1d3e1c0 DEOPT PACKING pc=0x00000167eccc8218 sp=0x0000001a3a7fea30
Event: 2560.725 Thread 0x00000167c1d3e1c0 DEOPT UNPACKING pc=0x00000167ec4d3aa2 sp=0x0000001a3a7fe9a8 mode 2
Event: 3415.539 Thread 0x00000167c1d40920 DEOPT PACKING pc=0x00000167e6939904 sp=0x0000001a370feab0
Event: 3415.544 Thread 0x00000167c1d40920 DEOPT UNPACKING pc=0x00000167ec4d4242 sp=0x0000001a370fdf68 mode 0
Event: 3415.740 Thread 0x00000167c1d40920 Uncommon trap: trap_request=0xffffffde fr.pc=0x00000167eccc8218 relative=0x0000000000000078
Event: 3415.741 Thread 0x00000167c1d40920 Uncommon trap: reason=class_check action=maybe_recompile pc=0x00000167eccc8218 method=java.util.LinkedHashMap.afterNodeInsertion(Z)V @ 15 c2
Event: 3415.741 Thread 0x00000167c1d40920 DEOPT PACKING pc=0x00000167eccc8218 sp=0x0000001a370fefd0
Event: 3415.742 Thread 0x00000167c1d40920 DEOPT UNPACKING pc=0x00000167ec4d3aa2 sp=0x0000001a370fef48 mode 2
Event: 3428.698 Thread 0x00000167c1d40920 Uncommon trap: trap_request=0xffffffde fr.pc=0x00000167eccc8218 relative=0x0000000000000078
Event: 3428.698 Thread 0x00000167c1d40920 Uncommon trap: reason=class_check action=maybe_recompile pc=0x00000167eccc8218 method=java.util.LinkedHashMap.afterNodeInsertion(Z)V @ 15 c2
Event: 3428.698 Thread 0x00000167c1d40920 DEOPT PACKING pc=0x00000167eccc8218 sp=0x0000001a370fefd0
Event: 3428.698 Thread 0x00000167c1d40920 DEOPT UNPACKING pc=0x00000167ec4d3aa2 sp=0x0000001a370fef48 mode 2
Event: 3428.788 Thread 0x00000167c1d40920 DEOPT PACKING pc=0x00000167e6cbd15b sp=0x0000001a370fea20
Event: 3428.788 Thread 0x00000167c1d40920 DEOPT UNPACKING pc=0x00000167ec4d4242 sp=0x0000001a370fdea8 mode 0

Classes loaded (20 events):
Event: 2541.814 Loading class com/sun/crypto/provider/SymmetricCipher done
Event: 2541.814 Loading class com/sun/crypto/provider/AESCrypt done
Event: 2541.815 Loading class com/sun/crypto/provider/ElectronicCodeBook
Event: 2541.816 Loading class com/sun/crypto/provider/FeedbackCipher
Event: 2541.816 Loading class com/sun/crypto/provider/FeedbackCipher done
Event: 2541.816 Loading class com/sun/crypto/provider/ElectronicCodeBook done
Event: 2541.816 Loading class com/sun/crypto/provider/PKCS5Padding
Event: 2541.817 Loading class com/sun/crypto/provider/Padding
Event: 2541.817 Loading class com/sun/crypto/provider/Padding done
Event: 2541.817 Loading class com/sun/crypto/provider/PKCS5Padding done
Event: 2541.817 Loading class com/sun/crypto/provider/CipherBlockChaining
Event: 2541.817 Loading class com/sun/crypto/provider/CipherBlockChaining done
Event: 2541.820 Loading class javax/crypto/NullCipher
Event: 2541.821 Loading class javax/crypto/NullCipher done
Event: 2541.821 Loading class sun/security/util/ArrayUtil
Event: 2541.822 Loading class sun/security/util/ArrayUtil done
Event: 2542.016 Loading class java/util/zip/GZIPInputStream$1
Event: 2542.017 Loading class java/util/zip/GZIPInputStream$1 done
Event: 2543.724 Loading class jdk/internal/ref/CleanerImpl$InnocuousThreadFactory
Event: 2543.726 Loading class jdk/internal/ref/CleanerImpl$InnocuousThreadFactory done

Classes unloaded (8 events):
Event: 8.681 Thread 0x00000167e1df2840 Unloading class 0x00000167811ab400 'java/lang/invoke/LambdaForm$MH+0x00000167811ab400'
Event: 8.681 Thread 0x00000167e1df2840 Unloading class 0x00000167811ab000 'java/lang/invoke/LambdaForm$MH+0x00000167811ab000'
Event: 8.681 Thread 0x00000167e1df2840 Unloading class 0x00000167811aac00 'java/lang/invoke/LambdaForm$MH+0x00000167811aac00'
Event: 8.681 Thread 0x00000167e1df2840 Unloading class 0x00000167811aa800 'java/lang/invoke/LambdaForm$MH+0x00000167811aa800'
Event: 8.681 Thread 0x00000167e1df2840 Unloading class 0x00000167811aa400 'java/lang/invoke/LambdaForm$BMH+0x00000167811aa400'
Event: 8.681 Thread 0x00000167e1df2840 Unloading class 0x00000167811aa000 'java/lang/invoke/LambdaForm$DMH+0x00000167811aa000'
Event: 8.681 Thread 0x00000167e1df2840 Unloading class 0x00000167811a8c00 'java/lang/invoke/LambdaForm$DMH+0x00000167811a8c00'
Event: 32.203 Thread 0x00000167e1df2840 Unloading class 0x000001678163c400 'java/lang/invoke/LambdaForm$DMH+0x000001678163c400'

Classes redefined (0 events):
No events

Internal exceptions (20 events):
Event: 2541.804 Thread 0x00000167c1d429f0 Exception <a 'sun/nio/fs/WindowsException'{0x00000000d57ac2d8}> (0x00000000d57ac2d8) 
thrown [s\src\hotspot\share\prims\jni.cpp, line 520]
Event: 2541.804 Thread 0x00000167c1d429f0 Exception <a 'sun/nio/fs/WindowsException'{0x00000000d57acc10}> (0x00000000d57acc10) 
thrown [s\src\hotspot\share\prims\jni.cpp, line 520]
Event: 2541.816 Thread 0x00000167c1d429f0 Exception <a 'sun/nio/fs/WindowsException'{0x00000000d5836410}> (0x00000000d5836410) 
thrown [s\src\hotspot\share\prims\jni.cpp, line 520]
Event: 2541.816 Thread 0x00000167c1d429f0 Exception <a 'sun/nio/fs/WindowsException'{0x00000000d5836de8}> (0x00000000d5836de8) 
thrown [s\src\hotspot\share\prims\jni.cpp, line 520]
Event: 2541.986 Thread 0x00000167c1d429f0 Exception <a 'sun/nio/fs/WindowsException'{0x00000000d55f15e0}> (0x00000000d55f15e0) 
thrown [s\src\hotspot\share\prims\jni.cpp, line 520]
Event: 2541.986 Thread 0x00000167c1d429f0 Exception <a 'sun/nio/fs/WindowsException'{0x00000000d55f2230}> (0x00000000d55f2230) 
thrown [s\src\hotspot\share\prims\jni.cpp, line 520]
Event: 2542.741 Thread 0x00000167c36d9b50 Implicit null exception at 0x00000167ed38f4e0 to 0x00000167ed38f518
Event: 2542.742 Thread 0x00000167c1d40920 Implicit null exception at 0x00000167ed38f4e0 to 0x00000167ed38f518
Event: 2542.873 Thread 0x00000167c36d9b50 Exception <a 'java/lang/NoSuchMethodError'{0x00000000d56749f8}: 'void java.lang.invoke.DirectMethodHandle$Holder.invokeStatic(java.lang.Object, int, java.lang.Object)'> (0x00000000d56749f8) 
thrown [s\src\hotspot\share\interpreter\linkResolver.cpp, line 773]
Event: 2543.892 Thread 0x00000167c1d40920 Exception <a 'java/lang/NoSuchMethodError'{0x00000000d5970410}: 'java.lang.Object java.lang.invoke.DirectMethodHandle$Holder.newInvokeSpecial(java.lang.Object, int, java.lang.Object, java.lang.Object, java.lang.Object)'> (0x00000000d5970410) 
thrown [s\src\hotspot\share\interpreter\linkResolver.cpp, line 773]
Event: 2544.186 Thread 0x00000167c1d3e1c0 Exception <a 'sun/nio/fs/WindowsException'{0x00000000d5669cd0}> (0x00000000d5669cd0) 
thrown [s\src\hotspot\share\prims\jni.cpp, line 520]
Event: 2544.186 Thread 0x00000167c1d3e1c0 Exception <a 'sun/nio/fs/WindowsException'{0x00000000d566a930}> (0x00000000d566a930) 
thrown [s\src\hotspot\share\prims\jni.cpp, line 520]
Event: 2544.186 Thread 0x00000167c1d3e1c0 Exception <a 'sun/nio/fs/WindowsException'{0x00000000d566bba8}> (0x00000000d566bba8) 
thrown [s\src\hotspot\share\prims\jni.cpp, line 520]
Event: 2544.186 Thread 0x00000167c1d3e1c0 Exception <a 'sun/nio/fs/WindowsException'{0x00000000d566c580}> (0x00000000d566c580) 
thrown [s\src\hotspot\share\prims\jni.cpp, line 520]
Event: 2544.187 Thread 0x00000167c1d3e1c0 Exception <a 'sun/nio/fs/WindowsException'{0x00000000d566e470}> (0x00000000d566e470) 
thrown [s\src\hotspot\share\prims\jni.cpp, line 520]
Event: 2544.187 Thread 0x00000167c1d3e1c0 Exception <a 'sun/nio/fs/WindowsException'{0x00000000d566eb98}> (0x00000000d566eb98) 
thrown [s\src\hotspot\share\prims\jni.cpp, line 520]
Event: 2544.192 Thread 0x00000167c1d3e1c0 Exception <a 'sun/nio/fs/WindowsException'{0x00000000d5693020}> (0x00000000d5693020) 
thrown [s\src\hotspot\share\prims\jni.cpp, line 520]
Event: 2544.192 Thread 0x00000167c1d3e1c0 Exception <a 'sun/nio/fs/WindowsException'{0x00000000d56939f8}> (0x00000000d56939f8) 
thrown [s\src\hotspot\share\prims\jni.cpp, line 520]
Event: 2545.372 Thread 0x00000167c1d43080 Exception <a 'sun/nio/fs/WindowsException'{0x00000000d5839e18}> (0x00000000d5839e18) 
thrown [s\src\hotspot\share\prims\jni.cpp, line 520]
Event: 2545.372 Thread 0x00000167c1d43080 Exception <a 'sun/nio/fs/WindowsException'{0x00000000d583a488}> (0x00000000d583a488) 
thrown [s\src\hotspot\share\prims\jni.cpp, line 520]

ZGC Phase Switch (0 events):
No events

VM Operations (20 events):
Event: 3426.959 Executing non-safepoint VM operation: RendezvousGCThreads
Event: 3426.959 Executing non-safepoint VM operation: RendezvousGCThreads done
Event: 3428.966 Executing safepoint VM operation: Cleanup
Event: 3428.967 Executing safepoint VM operation: Cleanup done
Event: 3429.309 Executing safepoint VM operation: ParallelGCFailedAllocation (Allocation Failure)
Event: 3429.449 Executing safepoint VM operation: ParallelGCFailedAllocation (Allocation Failure) done
Event: 3486.972 Executing non-safepoint VM operation: HandshakeAllThreads (HandshakeForDeflation)
Event: 3486.972 Executing non-safepoint VM operation: HandshakeAllThreads (HandshakeForDeflation) done
Event: 3486.972 Executing non-safepoint VM operation: RendezvousGCThreads
Event: 3486.972 Executing non-safepoint VM operation: RendezvousGCThreads done
Event: 3908.232 Executing non-safepoint VM operation: HandshakeAllThreads (HandshakeForDeflation)
Event: 3908.234 Executing non-safepoint VM operation: HandshakeAllThreads (HandshakeForDeflation) done
Event: 3908.235 Executing non-safepoint VM operation: RendezvousGCThreads
Event: 3908.235 Executing non-safepoint VM operation: RendezvousGCThreads done
Event: 4028.358 Executing non-safepoint VM operation: HandshakeAllThreads (HandshakeForDeflation)
Event: 4028.380 Executing non-safepoint VM operation: HandshakeAllThreads (HandshakeForDeflation) done
Event: 4028.403 Executing non-safepoint VM operation: RendezvousGCThreads
Event: 4028.403 Executing non-safepoint VM operation: RendezvousGCThreads done
Event: 4089.827 Executing safepoint VM operation: Cleanup
Event: 4089.827 Executing safepoint VM operation: Cleanup done

Memory protections (0 events):
No events

Nmethod flushes (20 events):
Event: 32.254 Thread 0x00000167e1df2840 flushing  nmethod 0x00000167e58b7b10
Event: 32.254 Thread 0x00000167e1df2840 flushing  nmethod 0x00000167e58b8110
Event: 32.254 Thread 0x00000167e1df2840 flushing  nmethod 0x00000167e58b8990
Event: 32.254 Thread 0x00000167e1df2840 flushing  nmethod 0x00000167e58dc610
Event: 32.254 Thread 0x00000167e1df2840 flushing  nmethod 0x00000167e58dca90
Event: 32.254 Thread 0x00000167e1df2840 flushing  nmethod 0x00000167e58dd010
Event: 32.254 Thread 0x00000167e1df2840 flushing  nmethod 0x00000167e58ddb10
Event: 32.254 Thread 0x00000167e1df2840 flushing  nmethod 0x00000167e58de110
Event: 32.254 Thread 0x00000167e1df2840 flushing  nmethod 0x00000167e58de990
Event: 32.254 Thread 0x00000167e1df2840 flushing  nmethod 0x00000167e58def10
Event: 32.254 Thread 0x00000167e1df2840 flushing  nmethod 0x00000167e58df290
Event: 32.254 Thread 0x00000167e1df2840 flushing  nmethod 0x00000167e58dff10
Event: 32.254 Thread 0x00000167e1df2840 flushing  nmethod 0x00000167e58e3790
Event: 32.254 Thread 0x00000167e1df2840 flushing  nmethod 0x00000167e58e3f90
Event: 32.254 Thread 0x00000167e1df2840 flushing  nmethod 0x00000167e58e7310
Event: 32.254 Thread 0x00000167e1df2840 flushing  nmethod 0x00000167e58ec390
Event: 32.254 Thread 0x00000167e1df2840 flushing  nmethod 0x00000167e58f8610
Event: 32.254 Thread 0x00000167e1df2840 flushing  nmethod 0x00000167e5901890
Event: 32.254 Thread 0x00000167e1df2840 flushing  nmethod 0x00000167e5903e90
Event: 32.254 Thread 0x00000167e1df2840 flushing  nmethod 0x00000167e5906a10

Events (20 events):
Event: 2604.248 Thread 0x00000167c1d40290 Thread exited: 0x00000167c1d40290
Event: 2620.741 Thread 0x00000167c1d3e1c0 Thread exited: 0x00000167c1d3e1c0
Event: 2680.751 Thread 0x00000167c1d429f0 Thread exited: 0x00000167c1d429f0
Event: 2740.767 Thread 0x00000167c1d40920 Thread exited: 0x00000167c1d40920
Event: 2800.777 Thread 0x00000167c1d3e850 Thread exited: 0x00000167c1d3e850
Event: 2860.787 Thread 0x00000167c1d457e0 Thread exited: 0x00000167c1d457e0
Event: 2920.803 Thread 0x00000167c36df730 Thread exited: 0x00000167c36df730
Event: 2980.955 Thread 0x00000167c36dea10 Thread exited: 0x00000167c36dea10
Event: 3415.036 Thread 0x00000167c1d40fb0 Thread added: 0x00000167c1d40290
Event: 3415.065 Thread 0x00000167c1d40fb0 Thread added: 0x00000167c1d40920
Event: 3415.075 Thread 0x00000167c1d40fb0 Thread added: 0x00000167c1d3e1c0
Event: 3415.081 Thread 0x00000167c1d3e1c0 Thread added: 0x00000167c1d3e850
Event: 3415.309 Thread 0x00000167c1d40fb0 Thread added: 0x00000167c1d429f0
Event: 3415.402 Thread 0x00000167c1d40fb0 Thread added: 0x00000167c1d43da0
Event: 3489.461 Thread 0x00000167c1d40920 Thread exited: 0x00000167c1d40920
Event: 3549.469 Thread 0x00000167c1d429f0 Thread exited: 0x00000167c1d429f0
Event: 3609.478 Thread 0x00000167c1d40290 Thread exited: 0x00000167c1d40290
Event: 3669.491 Thread 0x00000167c1d3e850 Thread exited: 0x00000167c1d3e850
Event: 3729.489 Thread 0x00000167c1d3e1c0 Thread exited: 0x00000167c1d3e1c0
Event: 3789.503 Thread 0x00000167c1d43da0 Thread exited: 0x00000167c1d43da0


Dynamic libraries:
0x00007ff72a7c0000 - 0x00007ff72a7ce000 	c:\Users\Surface\.vscode\extensions\redhat.java-1.53.0-win32-x64\jre\21.0.10-win32-x86_64\bin\java.exe
0x00007ffab2c60000 - 0x00007ffab2ec7000 	C:\WINDOWS\SYSTEM32\ntdll.dll
0x00007ffab2030000 - 0x00007ffab20f9000 	C:\WINDOWS\System32\KERNEL32.DLL
0x00007ffab0290000 - 0x00007ffab0681000 	C:\WINDOWS\System32\KERNELBASE.dll
0x00007ffab08b0000 - 0x00007ffab09fb000 	C:\WINDOWS\System32\ucrtbase.dll
0x00007ffaa7010000 - 0x00007ffaa7028000 	c:\Users\Surface\.vscode\extensions\redhat.java-1.53.0-win32-x64\jre\21.0.10-win32-x86_64\bin\jli.dll
0x00007ffab1100000 - 0x00007ffab12c5000 	C:\WINDOWS\System32\USER32.dll
0x00007ffab0080000 - 0x00007ffab00a7000 	C:\WINDOWS\System32\win32u.dll
0x00007ffab23b0000 - 0x00007ffab23db000 	C:\WINDOWS\System32\GDI32.dll
0x00007ffab0160000 - 0x00007ffab028b000 	C:\WINDOWS\System32\gdi32full.dll
0x00007ffab0690000 - 0x00007ffab0733000 	C:\WINDOWS\System32\msvcp_win.dll
0x00007ffaa6ff0000 - 0x00007ffaa700e000 	c:\Users\Surface\.vscode\extensions\redhat.java-1.53.0-win32-x64\jre\21.0.10-win32-x86_64\bin\VCRUNTIME140.dll
0x00007ffa98d40000 - 0x00007ffa98fd3000 	C:\WINDOWS\WinSxS\amd64_microsoft.windows.common-controls_6595b64144ccf1df_6.0.26100.8037_none_3e092faae333b53b\COMCTL32.dll
0x00007ffab1f80000 - 0x00007ffab2029000 	C:\WINDOWS\System32\msvcrt.dll
0x00007ffab0f80000 - 0x00007ffab0fb1000 	C:\WINDOWS\System32\IMM32.DLL
0x00007ffaa6fe0000 - 0x00007ffaa6fec000 	c:\Users\Surface\.vscode\extensions\redhat.java-1.53.0-win32-x64\jre\21.0.10-win32-x86_64\bin\vcruntime140_1.dll
0x00007ffa9e250000 - 0x00007ffa9e2dd000 	c:\Users\Surface\.vscode\extensions\redhat.java-1.53.0-win32-x64\jre\21.0.10-win32-x86_64\bin\msvcp140.dll
0x00007ffa30950000 - 0x00007ffa316f1000 	c:\Users\Surface\.vscode\extensions\redhat.java-1.53.0-win32-x64\jre\21.0.10-win32-x86_64\bin\server\jvm.dll
0x00007ffab1040000 - 0x00007ffab10fb000 	C:\WINDOWS\System32\ADVAPI32.dll
0x00007ffab1ed0000 - 0x00007ffab1f77000 	C:\WINDOWS\System32\sechost.dll
0x00007ffab25b0000 - 0x00007ffab26c8000 	C:\WINDOWS\System32\RPCRT4.dll
0x00007ffab0fc0000 - 0x00007ffab1034000 	C:\WINDOWS\System32\WS2_32.dll
0x00007ffaaf3a0000 - 0x00007ffaaf3fe000 	C:\WINDOWS\SYSTEM32\POWRPROF.dll
0x00007ffa99050000 - 0x00007ffa99085000 	C:\WINDOWS\SYSTEM32\WINMM.dll
0x00007ffa9c1a0000 - 0x00007ffa9c1ab000 	C:\WINDOWS\SYSTEM32\VERSION.dll
0x00007ffaaf380000 - 0x00007ffaaf394000 	C:\WINDOWS\SYSTEM32\UMPDC.dll
0x00007ffaae290000 - 0x00007ffaae2ab000 	C:\WINDOWS\SYSTEM32\kernel.appcore.dll
0x00007ffaa6f90000 - 0x00007ffaa6f9a000 	c:\Users\Surface\.vscode\extensions\redhat.java-1.53.0-win32-x64\jre\21.0.10-win32-x86_64\bin\jimage.dll
0x00007ffaad430000 - 0x00007ffaad672000 	C:\WINDOWS\SYSTEM32\DBGHELP.DLL
0x00007ffab0ad0000 - 0x00007ffab0e52000 	C:\WINDOWS\System32\combase.dll
0x00007ffab2210000 - 0x00007ffab22e7000 	C:\WINDOWS\System32\OLEAUT32.dll
0x00007ffa83130000 - 0x00007ffa8316b000 	C:\WINDOWS\SYSTEM32\dbgcore.DLL
0x00007ffab00b0000 - 0x00007ffab0155000 	C:\WINDOWS\System32\bcryptPrimitives.dll
0x00007ffa9e360000 - 0x00007ffa9e36f000 	c:\Users\Surface\.vscode\extensions\redhat.java-1.53.0-win32-x64\jre\21.0.10-win32-x86_64\bin\instrument.dll
0x00007ffa9e340000 - 0x00007ffa9e360000 	c:\Users\Surface\.vscode\extensions\redhat.java-1.53.0-win32-x64\jre\21.0.10-win32-x86_64\bin\java.dll
0x00007ffab12d0000 - 0x00007ffab1a2f000 	C:\WINDOWS\System32\SHELL32.dll
0x00007ffab0740000 - 0x00007ffab08aa000 	C:\WINDOWS\System32\wintypes.dll
0x00007ffaaf540000 - 0x00007ffaafda4000 	C:\WINDOWS\System32\windows.storage.dll
0x00007ffab2100000 - 0x00007ffab21f7000 	C:\WINDOWS\System32\SHCORE.dll
0x00007ffab23e0000 - 0x00007ffab2447000 	C:\WINDOWS\System32\shlwapi.dll
0x00007ffaaf460000 - 0x00007ffaaf489000 	C:\WINDOWS\SYSTEM32\profapi.dll
0x00007ffa9e230000 - 0x00007ffa9e248000 	c:\Users\Surface\.vscode\extensions\redhat.java-1.53.0-win32-x64\jre\21.0.10-win32-x86_64\bin\zip.dll
0x00007ffa9e330000 - 0x00007ffa9e340000 	C:\Users\Surface\.vscode\extensions\redhat.java-1.53.0-win32-x64\jre\21.0.10-win32-x86_64\bin\net.dll
0x00007ffaa37c0000 - 0x00007ffaa38e7000 	C:\WINDOWS\SYSTEM32\WINHTTP.dll
0x00007ffaae7e0000 - 0x00007ffaae84b000 	C:\WINDOWS\system32\mswsock.dll
0x00007ffa9e210000 - 0x00007ffa9e226000 	C:\Users\Surface\.vscode\extensions\redhat.java-1.53.0-win32-x64\jre\21.0.10-win32-x86_64\bin\nio.dll
0x00007ffa9e200000 - 0x00007ffa9e210000 	c:\Users\Surface\.vscode\extensions\redhat.java-1.53.0-win32-x64\jre\21.0.10-win32-x86_64\bin\verify.dll
0x00007ffa9e160000 - 0x00007ffa9e1a5000 	C:\Users\Surface\AppData\Roaming\Code\User\globalStorage\redhat.java\1.53.0\config_win\org.eclipse.equinox.launcher\org.eclipse.equinox.launcher.win32.win32.x86_64_1.3.0.v20260203-2149\eclipse_11919.dll
0x00007ffab2710000 - 0x00007ffab28a5000 	C:\WINDOWS\System32\ole32.dll
0x00007ffaaebe0000 - 0x00007ffaaebfb000 	C:\WINDOWS\SYSTEM32\CRYPTSP.dll
0x00007ffaae1f0000 - 0x00007ffaae229000 	C:\WINDOWS\system32\rsaenh.dll
0x00007ffaae890000 - 0x00007ffaae8c2000 	C:\WINDOWS\SYSTEM32\USERENV.dll
0x00007ffaaf430000 - 0x00007ffaaf45a000 	C:\WINDOWS\SYSTEM32\bcrypt.dll
0x00007ffaaea40000 - 0x00007ffaaea4c000 	C:\WINDOWS\SYSTEM32\CRYPTBASE.dll
0x00007ffaadd30000 - 0x00007ffaadd63000 	C:\WINDOWS\SYSTEM32\IPHLPAPI.DLL
0x00007ffab2200000 - 0x00007ffab220a000 	C:\WINDOWS\System32\NSI.dll
0x00007ffa9e0c0000 - 0x00007ffa9e109000 	C:\Users\Surface\AppData\Local\Temp\jna--188578675\jna1626407490510885697.dll
0x00007ffab2bf0000 - 0x00007ffab2bf8000 	C:\WINDOWS\System32\PSAPI.DLL
0x00007ffaa3c60000 - 0x00007ffaa3c7d000 	C:\WINDOWS\SYSTEM32\dhcpcsvc6.DLL
0x00007ffaa3c30000 - 0x00007ffaa3c53000 	C:\WINDOWS\SYSTEM32\dhcpcsvc.DLL
0x00007ffa9e1f0000 - 0x00007ffa9e1f9000 	C:\Users\Surface\.vscode\extensions\redhat.java-1.53.0-win32-x64\jre\21.0.10-win32-x86_64\bin\extnet.dll
0x00007ffaa6fa0000 - 0x00007ffaa6fae000 	C:\Users\Surface\.vscode\extensions\redhat.java-1.53.0-win32-x64\jre\21.0.10-win32-x86_64\bin\sunmscapi.dll
0x00007ffaafe70000 - 0x00007ffaaffe7000 	C:\WINDOWS\System32\CRYPT32.dll
0x00007ffaaed40000 - 0x00007ffaaed70000 	C:\WINDOWS\SYSTEM32\ncrypt.dll
0x00007ffaaecf0000 - 0x00007ffaaed2f000 	C:\WINDOWS\SYSTEM32\NTASN1.dll

JVMTI agents:
c:\Users\Surface\.vscode\extensions\redhat.java-1.53.0-win32-x64\lombok\lombok-1.18.39-4050.jar path:c:\Users\Surface\.vscode\extensions\redhat.java-1.53.0-win32-x64\jre\21.0.10-win32-x86_64\bin\instrument.dll, loaded, initialized, instrumentlib options:none

dbghelp: loaded successfully - version: 4.0.5 - missing functions: none
symbol engine: initialized successfully - sym options: 0x614 - pdb path: .;c:\Users\Surface\.vscode\extensions\redhat.java-1.53.0-win32-x64\jre\21.0.10-win32-x86_64\bin;C:\WINDOWS\SYSTEM32;C:\WINDOWS\WinSxS\amd64_microsoft.windows.common-controls_6595b64144ccf1df_6.0.26100.8037_none_3e092faae333b53b;c:\Users\Surface\.vscode\extensions\redhat.java-1.53.0-win32-x64\jre\21.0.10-win32-x86_64\bin\server;C:\Users\Surface\AppData\Roaming\Code\User\globalStorage\redhat.java\1.53.0\config_win\org.eclipse.equinox.launcher\org.eclipse.equinox.launcher.win32.win32.x86_64_1.3.0.v20260203-2149;C:\Users\Surface\AppData\Local\Temp\jna--188578675

VM Arguments:
jvm_args: --add-modules=ALL-SYSTEM --add-opens=java.base/java.util=ALL-UNNAMED --add-opens=java.base/java.lang=ALL-UNNAMED --add-opens=java.base/sun.nio.fs=ALL-UNNAMED -Declipse.application=org.eclipse.jdt.ls.core.id1 -Dosgi.bundles.defaultStartLevel=4 -Declipse.product=org.eclipse.jdt.ls.core.product -Djava.import.generatesMetadataFilesAtProjectRoot=false -DDetectVMInstallationsJob.disabled=true -Dfile.encoding=utf8 -XX:+UseParallelGC -XX:GCTimeRatio=4 -XX:AdaptiveSizePolicyWeight=90 -Dsun.zip.disableMemoryMapping=true -Xmx2G -Xms100m -Xlog:disable -javaagent:c:\Users\Surface\.vscode\extensions\redhat.java-1.53.0-win32-x64\lombok\lombok-1.18.39-4050.jar -XX:+HeapDumpOnOutOfMemoryError -XX:HeapDumpPath=c:\Users\Surface\AppData\Roaming\Code\User\workspaceStorage\9edef86413a0b018a8fbd3717037ea74\redhat.java -Daether.dependencyCollector.impl=bf 
java_command: c:\Users\Surface\.vscode\extensions\redhat.java-1.53.0-win32-x64\server\plugins\org.eclipse.equinox.launcher_1.7.100.v20251111-0406.jar -configuration c:\Users\Surface\AppData\Roaming\Code\User\globalStorage\redhat.java\1.53.0\config_win -data c:\Users\Surface\AppData\Roaming\Code\User\workspaceStorage\9edef86413a0b018a8fbd3717037ea74\redhat.java\jdt_ws --pipe=\\.\pipe\lsp-3f8b518dfd9c42c98d0897676f8951b1-sock
java_class_path (initial): c:\Users\Surface\.vscode\extensions\redhat.java-1.53.0-win32-x64\server\plugins\org.eclipse.equinox.launcher_1.7.100.v20251111-0406.jar
Launcher Type: SUN_STANDARD

[Global flags]
    uintx AdaptiveSizePolicyWeight                 = 90                                        {product} {command line}
     intx CICompilerCount                          = 4                                         {product} {ergonomic}
    uintx GCTimeRatio                              = 4                                         {product} {command line}
     bool HeapDumpOnOutOfMemoryError               = true                                   {manageable} {command line}
    ccstr HeapDumpPath                             = c:\Users\Surface\AppData\Roaming\Code\User\workspaceStorage\9edef86413a0b018a8fbd3717037ea74\redhat.java         {manageable} {command line}
   size_t InitialHeapSize                          = 104857600                                 {product} {command line}
   size_t MaxHeapSize                              = 2147483648                                {product} {command line}
   size_t MaxNewSize                               = 715653120                                 {product} {ergonomic}
   size_t MinHeapDeltaBytes                        = 524288                                    {product} {ergonomic}
   size_t MinHeapSize                              = 104857600                                 {product} {command line}
   size_t NewSize                                  = 34603008                                  {product} {ergonomic}
    uintx NonNMethodCodeHeapSize                   = 5839372                                {pd product} {ergonomic}
    uintx NonProfiledCodeHeapSize                  = 122909434                              {pd product} {ergonomic}
   size_t OldSize                                  = 70254592                                  {product} {ergonomic}
    uintx ProfiledCodeHeapSize                     = 122909434                              {pd product} {ergonomic}
    uintx ReservedCodeCacheSize                    = 251658240                              {pd product} {ergonomic}
     bool SegmentedCodeCache                       = true                                      {product} {ergonomic}
   size_t SoftMaxHeapSize                          = 2147483648                             {manageable} {ergonomic}
     bool UseCompressedOops                        = true                           {product lp64_product} {ergonomic}
     bool UseLargePagesIndividualAllocation        = false                                  {pd product} {ergonomic}
     bool UseParallelGC                            = true                                      {product} {command line}

Logging:
Log output configuration:
 #0: stdout all=off uptime,level,tags foldmultilines=false
 #1: stderr all=off uptime,level,tags foldmultilines=false

Release file:
JAVA_VERSION="21.0.10" 
MODULES="java.base java.compiler java.datatransfer java.xml java.prefs java.desktop java.instrument java.logging java.management java.security.sasl java.naming java.rmi java.management.rmi java.net.http java.scripting java.security.jgss java.transaction.xa java.sql java.sql.rowset java.xml.crypto java.se java.smartcardio jdk.accessibility jdk.internal.jvmstat jdk.attach jdk.charsets jdk.internal.opt jdk.zipfs jdk.compiler jdk.crypto.ec jdk.crypto.cryptoki jdk.crypto.mscapi jdk.dynalink jdk.internal.ed jdk.editpad jdk.hotspot.agent jdk.httpserver jdk.internal.le jdk.internal.vm.ci jdk.internal.vm.compiler jdk.internal.vm.compiler.management jdk.jartool jdk.javadoc jdk.jcmd jdk.management jdk.management.agent jdk.jconsole jdk.jdeps jdk.jdwp.agent jdk.jdi jdk.jfr jdk.jshell jdk.jsobject jdk.jstatd jdk.localedata jdk.management.jfr jdk.naming.dns jdk.naming.rmi jdk.net jdk.nio.mapmode jdk.random jdk.sctp jdk.security.auth jdk.security.jgss jdk.unsupported jdk.unsupported.desktop jdk.xml.dom" 

Environment Variables:
JAVA_HOME=C:\Program Files\Java\jdk1.8.0_172
PATH=C:\Users\Surface\Downloads\Microsoft VS Code;C:\Program Files\Eclipse Adoptium\jdk-17.0.17.10-hotspot\bin;C:\Program Files\ImageMagick-7.1.1-Q16-HDRI;C:\WINDOWS\system32;C:\WINDOWS;C:\WINDOWS\System32\Wbem;C:\WINDOWS\System32\WindowsPowerShell\v1.0\;C:\WINDOWS\System32\OpenSSH\;C:\Program Files (x86)\Microsoft SQL Server\160\Tools\Binn\;C:\Program Files\Microsoft SQL Server\160\Tools\Binn\;C:\Program Files\Microsoft SQL Server\Client SDK\ODBC\170\Tools\Binn\;C:\Program Files\Microsoft SQL Server\160\DTS\Binn\;C:\Program Files (x86)\Microsoft SQL Server\150\Tools\Binn\;C:\Program Files\Microsoft SQL Server\150\Tools\Binn\;C:\Program Files (x86)\Microsoft SQL Server\150\DTS\Binn\;C:\Program Files\Microsoft SQL Server\150\DTS\Binn\;C:\Program Files (x86)\Microsoft SQL Server\160\DTS\Binn\;C:\Program Files\nodejs\;%JAVA_HOME%\bin;C:\ProgramData\chocolatey\bin;C:\Program Files\Tesseract-OCR;C:\Program Files\Git\cmd;C:\Users\Surface\.dotnet\tools;C:\ProgramData\chocolatey\lib\maven\apache-maven-3.9.11\bin;C:\Program Files (x86)\Common Files\Oracle\Java\javapath;;C:\Program Files\Docker\Docker\resources\bin;C:\Program Files\dotnet\;C:\Program Files (x86)\Common Files\Oracle\Java\javapath;C:\Program Files\ImageMagick-7.1.1-Q16-HDRI;C:\WINDOWS\system32;C:\WINDOWS;C:\WINDOWS\System32\Wbem;C:\WINDOWS\System32\WindowsPowerShell\v1.0\;C:\WINDOWS\System32\OpenSSH\;C:\Program Files (x86)\Microsoft SQL Server\160\Tools\Binn\;C:\Program Files\Microsoft SQL Server\160\Tools\Binn\;C:\Program Files\Microsoft SQL Server\Client SDK\ODBC\170\Tools\Binn\;C:\Program Files\Microsoft SQL Server\160\DTS\Binn\;C:\Program Files (x86)\Microsoft SQL Server\150\Tools\Binn\;C:\Program Files\Microsoft SQL Server\150\Tools\Binn\;C:\Program Files (x86)\Microsoft SQL Server\150\DTS\Binn\;C:\Program Files\Microsoft SQL Server\150\DTS\Binn\;C:\Program Files (x86)\Microsoft SQL Server\160\DTS\Binn\;C:\Program Files\dotnet\;C:\Program Files\Git\cmd;C:\Program Files\nodejs\;C:\Program Files\Java\jdk1.8.0_172\bin;C:\Users\Surface\AppData\Local\Microsoft\WindowsApps;C:\Users\phuth\AppData\Local\Programs\Python\Python311\Scripts\;C:\Users\phuth\AppData\Local\Programs\Python\Python311\;C:\Users\Def;C:\Users\Surface\.dotnet\tools;C:\Users\Surface\AppData\Local\GitHubDesktop\bin;C:\Users\Surface\Downloads\Microsoft VS Code\bin
USERNAME=Surface
OS=Windows_NT
PROCESSOR_IDENTIFIER=Intel64 Family 6 Model 142 Stepping 10, GenuineIntel
TMP=C:\Users\Surface\AppData\Local\Temp
TEMP=C:\Users\Surface\AppData\Local\Temp




Periodic native trim disabled

---------------  S Y S T E M  ---------------

OS:
 Windows 11 , 64 bit Build 26100 (10.0.26100.7920)
OS uptime: 0 days 1:28 hours
Hyper-V role detected

CPU: total 8 (initial active 8) (4 cores per cpu, 2 threads per core) family 6 model 142 stepping 10 microcode 0xf0, cx8, cmov, fxsr, ht, mmx, 3dnowpref, sse, sse2, sse3, ssse3, sse4.1, sse4.2, popcnt, lzcnt, tsc, tscinvbit, avx, avx2, aes, erms, clmul, bmi1, bmi2, rtm, adx, fma, vzeroupper, clflush, clflushopt, hv, rdtscp, f16c
Processor Information for the first 8 processors :
  Max Mhz: 2112, Current Mhz: 1910, Mhz Limit: 1900

Memory: 4k page, system-wide physical 8108M (667M free)
TotalPageFile size 19335M (AvailPageFile size 196M)
current process WorkingSet (physical memory assigned to process): 10M, peak: 419M
current process commit charge ("private bytes"): 614M, peak: 625M

vm_info: OpenJDK 64-Bit Server VM (21.0.10+7-LTS) for windows-amd64 JRE (21.0.10+7-LTS), built on 2026-01-20T00:00:00Z by "admin" with MS VC++ 17.12 (VS2022)

END.
